Add Net: Net with name "NetR?_2" already exists
Added Member To Class: ClassName=Low Power DDR3 2GB Member=Component C? 100nF
Added Member To Class: ClassName=Low Power DDR3 2GB Member=Component C? 100nF
Added Member To Class: ClassName=Low Power DDR3 2GB Member=Component C? 10uF
Added Member To Class: ClassName=Low Power DDR3 2GB Member=Component C? 100nF
Added Member To Class: ClassName=Low Power DDR3 2GB Member=Component C? 1uF
Added Member To Class: ClassName=Low Power DDR3 2GB Member=Component C? NC-1uF
Added Member To Class: ClassName=Low Power DDR3 2GB Member=Component C? 100nF
Added Member To Class: ClassName=Low Power DDR3 2GB Member=Component C? 1uF
Added Member To Class: ClassName=Low Power DDR3 2GB Member=Component C? NC-10uF
Added Member To Class: ClassName=Low Power DDR3 2GB Member=Component C? 100nF
Added Member To Class: ClassName=Low Power DDR3 2GB Member=Component C? 100nF
Added Member To Class: ClassName=Low Power DDR3 2GB Member=Component C? 100nF
Added Member To Class: ClassName=Low Power DDR3 2GB Member=Component C? 100nF
Added Member To Class: ClassName=Low Power DDR3 2GB Member=Component C? 100nF
Added Member To Class: ClassName=Low Power DDR3 2GB Member=Component C? NC-100nF
Added Member To Class: ClassName=Low Power DDR3 2GB Member=Component C? 100nF
Added Member To Class: ClassName=Low Power DDR3 2GB Member=Component C? 100nF
Added Member To Class: ClassName=Low Power DDR3 2GB Member=Component C? 100nF
Added Member To Class: ClassName=Low Power DDR3 2GB Member=Component C? NC-1uF
Added Member To Class: ClassName=Low Power DDR3 2GB Member=Component C? NC-100nF
Added Member To Class: ClassName=Low Power DDR3 2GB Member=Component C? NC-100nF
Added Member To Class: ClassName=Low Power DDR3 2GB Member=Component C? 1uF
Added Member To Class: ClassName=Low Power DDR3 2GB Member=Component C? 100nF
Added Member To Class: ClassName=Low Power DDR3 2GB Member=Component C? 100nF
Added Member To Class: ClassName=Low Power DDR3 2GB Member=Component C? NC-10uF
Added Member To Class: ClassName=Low Power DDR3 2GB Member=Component C? 100nF
Added Member To Class: ClassName=Low Power DDR3 2GB Member=Component C? 1uF
Added Member To Class: ClassName=Low Power DDR3 2GB Member=Component C? 1uF
Added Member To Class: ClassName=Low Power DDR3 2GB Member=Component C? 100nF
Added Member To Class: ClassName=Low Power DDR3 2GB Member=Component C? 10uF
Added Member To Class: ClassName=Low Power DDR3 2GB Member=Component C? NC-100nF
Added Member To Class: ClassName=Low Power DDR3 2GB Member=Component R? 2kO
Added Member To Class: ClassName=Low Power DDR3 2GB Member=Component R? 2kO
Added Member To Class: ClassName=Low Power DDR3 2GB Member=Component R? 240O
Added Member To Class: ClassName=Low Power DDR3 2GB Member=Component R? 2kO
Added Member To Class: ClassName=Low Power DDR3 2GB Member=Component R? 100O
Added Member To Class: ClassName=Low Power DDR3 2GB Member=Component R? 1.5kO
Added Member To Class: ClassName=AWH6 Member=Component U?? Allwinner_H6
Added Member To Class: ClassName=AWH6 Member=Component U?? Allwinner_H6
Added Member To Class: ClassName=Low Power DDR3 2GB Member=Component U? LPDDR3-2G
Added Member To Class: ClassName=TF-Card and USB Member=Component USB?? USB-303WSD-BRY
