Added Pin To Net: NetName=VCC_DCXOIO Pin=U2-M19
Change Net Name : Old Net Name=BP_WAKE_BT New Net Name=BT_WAKE_AP
Change Net Name : Old Net Name=WIFI_REG_ON New Net Name=WL_REG_ON
Change Net Name : Old Net Name=WIFI_WAKE_UP New Net Name=WL_WAKE_AP
Add Net: Net with name "AP_WAKE_BT" already exists
Add Net: Net with name "BT_PCM_CLK" already exists
Add Net: Net with name "BT_PCM_DIN" already exists
Add Net: Net with name "BT_PCM_DOUT" already exists
Add Net: Net with name "BT_PCM_SYNC" already exists
Add Net: Net with name "BT_REG_ON" already exists
Add Net: Net with name "BT_UART_CTS" already exists
Add Net: Net with name "BT_UART_RTS" already exists
Add Net: Net with name "BT_UART_RX" already exists
Add Net: Net with name "BT_UART_TX" already exists
Add Net: Net with name "BT_WAKE_AP" already exists
Add Net: Net with name "DDC_CDC_EN" already exists
Add Net: Net with name "EMMC_CLK" already exists
Add Net: Net with name "EMMC_CMD" already exists
Add Net: Net with name "EMMC_D0" already exists
Add Net: Net with name "EMMC_D1" already exists
Add Net: Net with name "EMMC_D2" already exists
Add Net: Net with name "EMMC_D3" already exists
Add Net: Net with name "EMMC_D4" already exists
Add Net: Net with name "EMMC_D5" already exists
Add Net: Net with name "EMMC_D6" already exists
Add Net: Net with name "EMMC_D7" already exists
Add Net: Net with name "EMMC_DS" already exists
Add Net: Net with name "EMMC_RST" already exists
Add Net: Net with name "HDMI_CEC" already exists
Add Net: Net with name "HDMI_SCL" already exists
Add Net: Net with name "HDMI_SDA" already exists
Add Net: Net with name "HHPD" already exists
Add Net: Net with name "HOST3_N" already exists
Add Net: Net with name "HOST3_P" already exists
Add Net: Net with name "HTX0_N" already exists
Add Net: Net with name "HTX0_P" already exists
Add Net: Net with name "HTX1_N" already exists
Add Net: Net with name "HTX1_P" already exists
Add Net: Net with name "HTX2_N" already exists
Add Net: Net with name "HTX2_P" already exists
Add Net: Net with name "HTXC_N" already exists
Add Net: Net with name "HTXC_P" already exists
Add Net: Net with name "LINEOUTL" already exists
Add Net: Net with name "LINEOUTR" already exists
Add Net: Net with name "SDC0_CLK" already exists
Add Net: Net with name "SDC0_CMD" already exists
Add Net: Net with name "SDC0_D0" already exists
Add Net: Net with name "SDC0_D1" already exists
Add Net: Net with name "SDC0_D2" already exists
Add Net: Net with name "SDC0_D3" already exists
Add Net: Net with name "SDC0_DET" already exists
Add Net: Net with name "USB0_DRVVBUS" already exists
Add Net: Net with name "USB0_N" already exists
Add Net: Net with name "USB0_P" already exists
Add Net: Net with name "USB1_N" already exists
Add Net: Net with name "USB1_P" already exists
Add Net: Net with name "USB1_SSRX_N" already exists
Add Net: Net with name "USB1_SSRX_P" already exists
Add Net: Net with name "USB1_SSTX_N" already exists
Add Net: Net with name "USB1_SSTX_P" already exists
Add Net: Net with name "WL_REG_ON" already exists
Add Net: Net with name "WL_SDIO_CLK" already exists
Add Net: Net with name "WL_SDIO_CMD" already exists
Add Net: Net with name "WL_SDIO_D0" already exists
Add Net: Net with name "WL_SDIO_D1" already exists
Add Net: Net with name "WL_SDIO_D2" already exists
Add Net: Net with name "WL_SDIO_D3" already exists
Add Net: Net with name "WL_WAKE_AP" already exists
