Removed Pin From Net: NetName=SDQ26 Pin=U2-AA1
Removed Pin From Net: NetName=SDQ27 Pin=U2-AA2
Removed Pin From Net: NetName=GND Pin=U2-AA4
Removed Pin From Net: NetName=SA7 Pin=U2-AA5
Removed Pin From Net: NetName=SA8 Pin=U2-AA7
Removed Pin From Net: NetName=GND Pin=U2-AA11
Removed Pin From Net: NetName=SODT0 Pin=U2-AA13
Removed Pin From Net: NetName=GND Pin=U2-AA14
Removed Pin From Net: NetName=SA0 Pin=U2-AA15
Removed Pin From Net: NetName=SA1 Pin=U2-AA17
Removed Pin From Net: NetName=SA2 Pin=U2-AA19
Removed Pin From Net: NetName=GND Pin=U2-AA20
Removed Pin From Net: NetName=SDQ14 Pin=U2-AA22
Removed Pin From Net: NetName=SDQ13 Pin=U2-AA23
Removed Pin From Net: NetName=SDQS3_P Pin=U2-AB1
Removed Pin From Net: NetName=SDQS3_N Pin=U2-AB2
Removed Pin From Net: NetName=SDQ31 Pin=U2-AB4
Removed Pin From Net: NetName=SDQM3 Pin=U2-AB5
Removed Pin From Net: NetName=SDQ17 Pin=U2-AB6
Removed Pin From Net: NetName=SDQ19 Pin=U2-AB7
Removed Pin From Net: NetName=SDQS2_P Pin=U2-AB8
Removed Pin From Net: NetName=SDQ21 Pin=U2-AB9
Removed Pin From Net: NetName=SDQ23 Pin=U2-AB10
Removed Pin From Net: NetName=SDQM2 Pin=U2-AB11
Removed Pin From Net: NetName=SCK_N Pin=U2-AB12
Removed Pin From Net: NetName=SDQ5 Pin=U2-AB14
Removed Pin From Net: NetName=SDQ4 Pin=U2-AB15
Removed Pin From Net: NetName=SDQS0_N Pin=U2-AB16
Removed Pin From Net: NetName=SDQ2 Pin=U2-AB17
Removed Pin From Net: NetName=SDQ0 Pin=U2-AB18
Removed Pin From Net: NetName=SDQ8 Pin=U2-AB19
Removed Pin From Net: NetName=SDQ11 Pin=U2-AB20
Removed Pin From Net: NetName=SDQS1_N Pin=U2-AB22
Removed Pin From Net: NetName=SDQ12 Pin=U2-AB23
Removed Pin From Net: NetName=SDQ28 Pin=U2-AC2
Removed Pin From Net: NetName=SDQ29 Pin=U2-AC3
Removed Pin From Net: NetName=SDQ30 Pin=U2-AC4
Removed Pin From Net: NetName=SDQ16 Pin=U2-AC6
Removed Pin From Net: NetName=SDQ18 Pin=U2-AC7
Removed Pin From Net: NetName=SDQS2_N Pin=U2-AC8
Removed Pin From Net: NetName=SDQ20 Pin=U2-AC9
Removed Pin From Net: NetName=SDQ22 Pin=U2-AC10
Removed Pin From Net: NetName=SCK_P Pin=U2-AC12
Removed Pin From Net: NetName=SDQ7 Pin=U2-AC13
Removed Pin From Net: NetName=SDQ6 Pin=U2-AC14
Removed Pin From Net: NetName=SDQS0_P Pin=U2-AC15
Removed Pin From Net: NetName=SDQ3 Pin=U2-AC16
Removed Pin From Net: NetName=SDQ1 Pin=U2-AC17
Removed Pin From Net: NetName=SDQM0 Pin=U2-AC18
Removed Pin From Net: NetName=SDQ9 Pin=U2-AC20
Removed Pin From Net: NetName=SDQ10 Pin=U2-AC21
Removed Pin From Net: NetName=SDQS1_P Pin=U2-AC22
Removed Pin From Net: NetName=SDC0_DET Pin=U2-C8
Removed Pin From Net: NetName=CPUX_UTX Pin=U2-C9
Removed Pin From Net: NetName=SPI1_MISO Pin=U2-D9
Removed Pin From Net: NetName=SPI1_CS Pin=U2-D11
Removed Pin From Net: NetName=CPUX_URX Pin=U2-D12
Removed Pin From Net: NetName=SDC0_D1 Pin=U2-E2
Removed Pin From Net: NetName=HCEC Pin=U2-E9
Removed Pin From Net: NetName=HSCL Pin=U2-E10
Removed Pin From Net: NetName=DDC_CEC_EN Pin=U2-E11
Removed Pin From Net: NetName=SPI1_CLK Pin=U2-E12
Removed Pin From Net: NetName=SDC0_D3 Pin=U2-F1
Removed Pin From Net: NetName=NetR33_1 Pin=U2-F2
Removed Pin From Net: NetName=SDC0_D0 Pin=U2-F3
Removed Pin From Net: NetName=HSDA Pin=U2-F7
Removed Pin From Net: NetName=WIFI_PWR_EN Pin=U2-F8
Removed Pin From Net: NetName=SPI1_MOSI Pin=U2-F9
Removed Pin From Net: NetName=SDC0_D2 Pin=U2-G2
Removed Pin From Net: NetName=SDC0_CMD Pin=U2-G3
Removed Pin From Net: NetName=WL_SDIO_D1 Pin=U2-H2
Removed Pin From Net: NetName=BT_UART_CTS Pin=U2-H3
Removed Pin From Net: NetName=BT_UART_RX Pin=U2-H4
Removed Pin From Net: NetName=WL_SDIO_D3 Pin=U2-H5
Removed Pin From Net: NetName=VCC_DCXOIO Pin=U2-H6
Removed Pin From Net: NetName=ALDO1 Pin=U2-H18
Removed Pin From Net: NetName=USB0_DRVVBUS Pin=U2-H20
Removed Pin From Net: NetName=PL10 Pin=U2-H21
Removed Pin From Net: NetName=PL8 Pin=U2-H22
Removed Pin From Net: NetName=NetR35_1 Pin=U2-J2
Removed Pin From Net: NetName=WL_SDIO_CMD Pin=U2-J3
Removed Pin From Net: NetName=WL_SDIO_D0 Pin=U2-J5
Removed Pin From Net: NetName=BT_UART_TX Pin=U2-J6
Removed Pin From Net: NetName=S_UART_RX Pin=U2-J20
Removed Pin From Net: NetName=STATUS_LED Pin=U2-J21
Removed Pin From Net: NetName=REVOVERY Pin=U2-J22
Removed Pin From Net: NetName=BT_UART_RTS Pin=U2-K1
Removed Pin From Net: NetName=BT_PCM_CLK Pin=U2-K2
Removed Pin From Net: NetName=BT_PCM_SYNC Pin=U2-K3
Removed Pin From Net: NetName=PMU_SCK Pin=U2-K20
Removed Pin From Net: NetName=PWR_LED Pin=U2-K21
Removed Pin From Net: NetName=S_UART_TX Pin=U2-K22
Removed Pin From Net: NetName=PMU_SDA Pin=U2-K23
Removed Pin From Net: NetName=BT_PCM_DIN Pin=U2-L3
Removed Pin From Net: NetName=BT_PCM_DOUT Pin=U2-L4
Removed Pin From Net: NetName=WL_SDIO_D2 Pin=U2-L5
Removed Pin From Net: NetName=BT_REG_ON Pin=U2-L19
Removed Pin From Net: NetName=WL_WAKE_AP Pin=U2-L20
Removed Pin From Net: NetName=BT_WAKE_AP Pin=U2-L21
Removed Pin From Net: NetName=AP_WAKE_BT Pin=U2-L22
Removed Pin From Net: NetName=VCC_DCXOIO Pin=U2-M19
Removed Pin From Net: NetName=EMMC_CMD Pin=U2-M21
Removed Pin From Net: NetName=WL_REG_ON Pin=U2-M22
Removed Pin From Net: NetName=VCC_PC Pin=U2-N19
Removed Pin From Net: NetName=NetR34_2 Pin=U2-N20
Removed Pin From Net: NetName=EMMC_D0 Pin=U2-N22
Removed Pin From Net: NetName=EMMC_D1 Pin=U2-N23
Removed Pin From Net: NetName=PD18 Pin=U2-P4
Removed Pin From Net: NetName=NetR71_2 Pin=U2-P19
Removed Pin From Net: NetName=PD16 Pin=U2-R2
Removed Pin From Net: NetName=PD15 Pin=U2-R3
Removed Pin From Net: NetName=TWIO_SDA Pin=U2-R5
Removed Pin From Net: NetName=ALDO3 Pin=U2-R6
Removed Pin From Net: NetName=NetR36_2 Pin=U2-R19
Removed Pin From Net: NetName=EMMC_DS Pin=U2-R20
Removed Pin From Net: NetName=EMMC_D2 Pin=U2-R22
Removed Pin From Net: NetName=EMMC_D3 Pin=U2-R23
Removed Pin From Net: NetName=PD21 Pin=U2-T3
Removed Pin From Net: NetName=EMMC_D5 Pin=U2-T21
Removed Pin From Net: NetName=EMMC_D4 Pin=U2-T22
Removed Pin From Net: NetName=PWM0 Pin=U2-U2
Removed Pin From Net: NetName=TWIO_SCL Pin=U2-U3
Removed Pin From Net: NetName=UART3_TX Pin=U2-U5
Removed Pin From Net: NetName=VCC_DRAM Pin=U2-U8
Removed Pin From Net: NetName=VCC_DRAM Pin=U2-U13
Removed Pin From Net: NetName=VCC_DRAM Pin=U2-U14
Removed Pin From Net: NetName=VCC_DRAM Pin=U2-U16
Removed Pin From Net: NetName=EMMC_D6 Pin=U2-U19
Removed Pin From Net: NetName=EMMC_D7 Pin=U2-U21
Removed Pin From Net: NetName=UART3_RX Pin=U2-V1
Removed Pin From Net: NetName=SVREF Pin=U2-V6
Removed Pin From Net: NetName=VCC_DRAM Pin=U2-V9
Removed Pin From Net: NetName=VCC_DRAM Pin=U2-V10
Removed Pin From Net: NetName=VCC_DRAM Pin=U2-V11
Removed Pin From Net: NetName=VCC_DRAM Pin=U2-V15
Removed Pin From Net: NetName=NetR2_2 Pin=U2-W2
Removed Pin From Net: NetName=GND Pin=U2-W5
Removed Pin From Net: NetName=GND Pin=U2-W7
Removed Pin From Net: NetName=GND Pin=U2-W8
Removed Pin From Net: NetName=SCS0 Pin=U2-W13
Removed Pin From Net: NetName=SCKE0 Pin=U2-W14
Removed Pin From Net: NetName=GND Pin=U2-W16
Removed Pin From Net: NetName=GND Pin=U2-W17
Removed Pin From Net: NetName=GND Pin=U2-W19
Removed Pin From Net: NetName=BLDO1 Pin=U2-W22
Removed Pin From Net: NetName=SDQ24 Pin=U2-Y1
Removed Pin From Net: NetName=SDQ25 Pin=U2-Y2
Removed Pin From Net: NetName=SA9 Pin=U2-Y3
Removed Pin From Net: NetName=GND Pin=U2-Y7
Removed Pin From Net: NetName=SA6 Pin=U2-Y8
Removed Pin From Net: NetName=SA5 Pin=U2-Y10
Removed Pin From Net: NetName=SCKE1 Pin=U2-Y11
Removed Pin From Net: NetName=SCS1 Pin=U2-Y14
Removed Pin From Net: NetName=SA4 Pin=U2-Y16
Removed Pin From Net: NetName=GND Pin=U2-Y17
Removed Pin From Net: NetName=SA3 Pin=U2-Y20
Removed Pin From Net: NetName=SDQ15 Pin=U2-Y22
Removed Pin From Net: NetName=SDQM1 Pin=U2-Y23
Removed Pin From Net: NetName=GND Pin=U12-A1
Removed Pin From Net: NetName=HOST3_N Pin=U12-A12
Removed Pin From Net: NetName=USB0_N Pin=U12-A13
Removed Pin From Net: NetName=USB1_SSRX_N Pin=U12-A14
Removed Pin From Net: NetName=HTX2_P Pin=U12-A17
Removed Pin From Net: NetName=HTX1_P Pin=U12-A18
Removed Pin From Net: NetName=HTX0_P Pin=U12-A19
Removed Pin From Net: NetName=HTXC_P Pin=U12-A20
Removed Pin From Net: NetName=VCC_DCXOIO Pin=U12-A22
Removed Pin From Net: NetName=ALDO2 Pin=U12-B3
Removed Pin From Net: NetName=EPHY_RTX Pin=U12-B4
Removed Pin From Net: NetName=HOST3_P Pin=U12-B12
Removed Pin From Net: NetName=USB0_P Pin=U12-B13
Removed Pin From Net: NetName=USB1_SSRX_P Pin=U12-B14
Removed Pin From Net: NetName=USB1_AP_SSTX_N Pin=U12-B15
Removed Pin From Net: NetName=USB1_N Pin=U12-B16
Removed Pin From Net: NetName=HTX2_N Pin=U12-B17
Removed Pin From Net: NetName=HTX1_N Pin=U12-B18
Removed Pin From Net: NetName=HTX0_N Pin=U12-B19
Removed Pin From Net: NetName=HTXC_N Pin=U12-B20
Removed Pin From Net: NetName=KEYADC Pin=U12-B21
Removed Pin From Net: NetName=DCXO_XOUT Pin=U12-B22
Removed Pin From Net: NetName=DCXO_XIN Pin=U12-B23
Removed Pin From Net: NetName=ALDO2 Pin=U12-C3
Removed Pin From Net: NetName=VRA1 Pin=U12-C4
Removed Pin From Net: NetName=NetR78_1 Pin=U12-C7
Removed Pin From Net: NetName=USB1_AP_SSTX_P Pin=U12-C15
Removed Pin From Net: NetName=USB1_P Pin=U12-C16
Removed Pin From Net: NetName=BLDO2 Pin=U12-C19
Removed Pin From Net: NetName=HHPD Pin=U12-C20
Removed Pin From Net: NetName=AC_AVCC Pin=U12-D3
Removed Pin From Net: NetName=VRA2 Pin=U12-D4
Removed Pin From Net: NetName=AC_VDD_IN Pin=U12-D5
Removed Pin From Net: NetName=VDD09_HDMI Pin=U12-D18
Removed Pin From Net: NetName=BIAS_VRAL Pin=U12-D19
Removed Pin From Net: NetName=BIAS_ITEST Pin=U12-D20
Removed Pin From Net: NetName=BIAS_REXT Pin=U12-D21
Removed Pin From Net: NetName=DCXO_LDOOUT Pin=U12-D22
Removed Pin From Net: NetName=GND Pin=U12-E1
Removed Pin From Net: NetName=GND Pin=U12-E3
Removed Pin From Net: NetName=ALDO2 Pin=U12-E4
Removed Pin From Net: NetName=GND Pin=U12-E5
Removed Pin From Net: NetName=AC_VDD_IN Pin=U12-E6
Removed Pin From Net: NetName=NetR79_2 Pin=U12-E7
Removed Pin From Net: NetName=NetR77_1 Pin=U12-E8
Removed Pin From Net: NetName=ALDO3 Pin=U12-E14
Removed Pin From Net: NetName=BLDO1 Pin=U12-E19
Removed Pin From Net: NetName=RTC_VIO Pin=U12-F19
Removed Pin From Net: NetName=VCC18_RTC Pin=U12-F20
Removed Pin From Net: NetName=X32KO Pin=U12-F22
Removed Pin From Net: NetName=X32KI Pin=U12-F23
Removed Pin From Net: NetName=VDD09_HDMI Pin=U12-G12
Removed Pin From Net: NetName=VDD09_HDMI Pin=U12-G16
Removed Pin From Net: NetName=UBOOT Pin=U12-G17
Removed Pin From Net: NetName=AP_CK32KO Pin=U12-G20
Removed Pin From Net: NetName=AP_NMI Pin=U12-G21
Removed Pin From Net: NetName=AP_RESET Pin=U12-G22
Removed Pin From Net: NetName=BLDO2 Pin=U12-H11
Removed Pin From Net: NetName=BLDO1 Pin=U12-P18
Removed Member From Class: ClassName=SoC_2 Member=U12
Removed Member From Class: ClassName=SoC_2 Member=U33
Change Component Designator: OldDesignator=U33 NewDesignator=U2
Added Pin To Net: NetName=GND Pin=U2-A1
Added Pin To Net: NetName=HOST3_N Pin=U2-A12
Added Pin To Net: NetName=USB0_N Pin=U2-A13
Added Pin To Net: NetName=USB1_SSRX_N Pin=U2-A14
Added Pin To Net: NetName=HTX2_P Pin=U2-A17
Added Pin To Net: NetName=HTX1_P Pin=U2-A18
Added Pin To Net: NetName=HTX0_P Pin=U2-A19
Added Pin To Net: NetName=HTXC_P Pin=U2-A20
Added Pin To Net: NetName=VCC_DCXOIO Pin=U2-A22
Added Pin To Net: NetName=SDQ26 Pin=U2-AA1
Added Pin To Net: NetName=SDQ27 Pin=U2-AA2
Added Pin To Net: NetName=GND Pin=U2-AA4
Added Pin To Net: NetName=SA7 Pin=U2-AA5
Added Pin To Net: NetName=SA8 Pin=U2-AA7
Added Pin To Net: NetName=GND Pin=U2-AA11
Added Pin To Net: NetName=SODT0 Pin=U2-AA13
Added Pin To Net: NetName=GND Pin=U2-AA14
Added Pin To Net: NetName=SA0 Pin=U2-AA15
Added Pin To Net: NetName=SA1 Pin=U2-AA17
Added Pin To Net: NetName=SA2 Pin=U2-AA19
Added Pin To Net: NetName=GND Pin=U2-AA20
Added Pin To Net: NetName=SDQ14 Pin=U2-AA22
Added Pin To Net: NetName=SDQ13 Pin=U2-AA23
Added Pin To Net: NetName=SDQS3_P Pin=U2-AB1
Added Pin To Net: NetName=SDQS3_N Pin=U2-AB2
Added Pin To Net: NetName=SDQ31 Pin=U2-AB4
Added Pin To Net: NetName=SDQM3 Pin=U2-AB5
Added Pin To Net: NetName=SDQ17 Pin=U2-AB6
Added Pin To Net: NetName=SDQ19 Pin=U2-AB7
Added Pin To Net: NetName=SDQS2_P Pin=U2-AB8
Added Pin To Net: NetName=SDQ21 Pin=U2-AB9
Added Pin To Net: NetName=SDQ23 Pin=U2-AB10
Added Pin To Net: NetName=SDQM2 Pin=U2-AB11
Added Pin To Net: NetName=SCK_N Pin=U2-AB12
Added Pin To Net: NetName=SDQ5 Pin=U2-AB14
Added Pin To Net: NetName=SDQ4 Pin=U2-AB15
Added Pin To Net: NetName=SDQS0_N Pin=U2-AB16
Added Pin To Net: NetName=SDQ2 Pin=U2-AB17
Added Pin To Net: NetName=SDQ0 Pin=U2-AB18
Added Pin To Net: NetName=SDQ8 Pin=U2-AB19
Added Pin To Net: NetName=SDQ11 Pin=U2-AB20
Added Pin To Net: NetName=SDQS1_N Pin=U2-AB22
Added Pin To Net: NetName=SDQ12 Pin=U2-AB23
Added Pin To Net: NetName=SDQ28 Pin=U2-AC2
Added Pin To Net: NetName=SDQ29 Pin=U2-AC3
Added Pin To Net: NetName=SDQ30 Pin=U2-AC4
Added Pin To Net: NetName=SDQ16 Pin=U2-AC6
Added Pin To Net: NetName=SDQ18 Pin=U2-AC7
Added Pin To Net: NetName=SDQS2_N Pin=U2-AC8
Added Pin To Net: NetName=SDQ20 Pin=U2-AC9
Added Pin To Net: NetName=SDQ22 Pin=U2-AC10
Added Pin To Net: NetName=SCK_P Pin=U2-AC12
Added Pin To Net: NetName=SDQ7 Pin=U2-AC13
Added Pin To Net: NetName=SDQ6 Pin=U2-AC14
Added Pin To Net: NetName=SDQS0_P Pin=U2-AC15
Added Pin To Net: NetName=SDQ3 Pin=U2-AC16
Added Pin To Net: NetName=SDQ1 Pin=U2-AC17
Added Pin To Net: NetName=SDQM0 Pin=U2-AC18
Added Pin To Net: NetName=SDQ9 Pin=U2-AC20
Added Pin To Net: NetName=SDQ10 Pin=U2-AC21
Added Pin To Net: NetName=SDQS1_P Pin=U2-AC22
Added Pin To Net: NetName=ALDO2 Pin=U2-B3
Added Pin To Net: NetName=EPHY_RTX Pin=U2-B4
Added Pin To Net: NetName=HOST3_P Pin=U2-B12
Added Pin To Net: NetName=USB0_P Pin=U2-B13
Added Pin To Net: NetName=USB1_SSRX_P Pin=U2-B14
Added Pin To Net: NetName=USB1_AP_SSTX_N Pin=U2-B15
Added Pin To Net: NetName=USB1_N Pin=U2-B16
Added Pin To Net: NetName=HTX2_N Pin=U2-B17
Added Pin To Net: NetName=HTX1_N Pin=U2-B18
Added Pin To Net: NetName=HTX0_N Pin=U2-B19
Added Pin To Net: NetName=HTXC_N Pin=U2-B20
Added Pin To Net: NetName=KEYADC Pin=U2-B21
Added Pin To Net: NetName=DCXO_XOUT Pin=U2-B22
Added Pin To Net: NetName=DCXO_XIN Pin=U2-B23
Added Pin To Net: NetName=ALDO2 Pin=U2-C3
Added Pin To Net: NetName=VRA1 Pin=U2-C4
Added Pin To Net: NetName=NetR78_1 Pin=U2-C7
Added Pin To Net: NetName=SDC0_DET Pin=U2-C8
Added Pin To Net: NetName=CPUX_UTX Pin=U2-C9
Added Pin To Net: NetName=USB1_AP_SSTX_P Pin=U2-C15
Added Pin To Net: NetName=USB1_P Pin=U2-C16
Added Pin To Net: NetName=BLDO2 Pin=U2-C19
Added Pin To Net: NetName=HHPD Pin=U2-C20
Added Pin To Net: NetName=AC_AVCC Pin=U2-D3
Added Pin To Net: NetName=VRA2 Pin=U2-D4
Added Pin To Net: NetName=AC_VDD_IN Pin=U2-D5
Added Pin To Net: NetName=SPI1_MISO Pin=U2-D9
Added Pin To Net: NetName=SPI1_CS Pin=U2-D11
Added Pin To Net: NetName=CPUX_URX Pin=U2-D12
Added Pin To Net: NetName=VDD09_HDMI Pin=U2-D18
Added Pin To Net: NetName=BIAS_VRAL Pin=U2-D19
Added Pin To Net: NetName=BIAS_ITEST Pin=U2-D20
Added Pin To Net: NetName=BIAS_REXT Pin=U2-D21
Added Pin To Net: NetName=DCXO_LDOOUT Pin=U2-D22
Added Pin To Net: NetName=GND Pin=U2-E1
Added Pin To Net: NetName=SDC0_D1 Pin=U2-E2
Added Pin To Net: NetName=GND Pin=U2-E3
Added Pin To Net: NetName=ALDO2 Pin=U2-E4
Added Pin To Net: NetName=GND Pin=U2-E5
Added Pin To Net: NetName=AC_VDD_IN Pin=U2-E6
Added Pin To Net: NetName=NetR79_2 Pin=U2-E7
Added Pin To Net: NetName=NetR77_1 Pin=U2-E8
Added Pin To Net: NetName=HCEC Pin=U2-E9
Added Pin To Net: NetName=HSCL Pin=U2-E10
Added Pin To Net: NetName=DDC_CEC_EN Pin=U2-E11
Added Pin To Net: NetName=SPI1_CLK Pin=U2-E12
Added Pin To Net: NetName=ALDO3 Pin=U2-E14
Added Pin To Net: NetName=BLDO1 Pin=U2-E19
Added Pin To Net: NetName=SDC0_D3 Pin=U2-F1
Added Pin To Net: NetName=NetR33_1 Pin=U2-F2
Added Pin To Net: NetName=SDC0_D0 Pin=U2-F3
Added Pin To Net: NetName=HSDA Pin=U2-F7
Added Pin To Net: NetName=WIFI_PWR_EN Pin=U2-F8
Added Pin To Net: NetName=SPI1_MOSI Pin=U2-F9
Added Pin To Net: NetName=RTC_VIO Pin=U2-F19
Added Pin To Net: NetName=VCC18_RTC Pin=U2-F20
Added Pin To Net: NetName=X32KO Pin=U2-F22
Added Pin To Net: NetName=X32KI Pin=U2-F23
Added Pin To Net: NetName=SDC0_D2 Pin=U2-G2
Added Pin To Net: NetName=SDC0_CMD Pin=U2-G3
Added Pin To Net: NetName=VDD09_HDMI Pin=U2-G12
Added Pin To Net: NetName=VDD09_HDMI Pin=U2-G16
Added Pin To Net: NetName=UBOOT Pin=U2-G17
Added Pin To Net: NetName=AP_CK32KO Pin=U2-G20
Added Pin To Net: NetName=AP_NMI Pin=U2-G21
Added Pin To Net: NetName=AP_RESET Pin=U2-G22
Added Pin To Net: NetName=WL_SDIO_D1 Pin=U2-H2
Added Pin To Net: NetName=BT_UART_CTS Pin=U2-H3
Added Pin To Net: NetName=BT_UART_RX Pin=U2-H4
Added Pin To Net: NetName=WL_SDIO_D3 Pin=U2-H5
Added Pin To Net: NetName=VCC_DCXOIO Pin=U2-H6
Added Pin To Net: NetName=BLDO2 Pin=U2-H11
Added Pin To Net: NetName=ALDO1 Pin=U2-H18
Added Pin To Net: NetName=USB0_DRVVBUS Pin=U2-H20
Added Pin To Net: NetName=PL10 Pin=U2-H21
Added Pin To Net: NetName=PL8 Pin=U2-H22
Added Pin To Net: NetName=NetR35_1 Pin=U2-J2
Added Pin To Net: NetName=WL_SDIO_CMD Pin=U2-J3
Added Pin To Net: NetName=WL_SDIO_D0 Pin=U2-J5
Added Pin To Net: NetName=BT_UART_TX Pin=U2-J6
Added Pin To Net: NetName=S_UART_RX Pin=U2-J20
Added Pin To Net: NetName=STATUS_LED Pin=U2-J21
Added Pin To Net: NetName=REVOVERY Pin=U2-J22
Added Pin To Net: NetName=BT_UART_RTS Pin=U2-K1
Added Pin To Net: NetName=BT_PCM_CLK Pin=U2-K2
Added Pin To Net: NetName=BT_PCM_SYNC Pin=U2-K3
Added Pin To Net: NetName=PMU_SCK Pin=U2-K20
Added Pin To Net: NetName=PWR_LED Pin=U2-K21
Added Pin To Net: NetName=S_UART_TX Pin=U2-K22
Added Pin To Net: NetName=PMU_SDA Pin=U2-K23
Added Pin To Net: NetName=BT_PCM_DIN Pin=U2-L3
Added Pin To Net: NetName=BT_PCM_DOUT Pin=U2-L4
Added Pin To Net: NetName=WL_SDIO_D2 Pin=U2-L5
Added Pin To Net: NetName=BT_REG_ON Pin=U2-L19
Added Pin To Net: NetName=WL_WAKE_AP Pin=U2-L20
Added Pin To Net: NetName=BT_WAKE_AP Pin=U2-L21
Added Pin To Net: NetName=AP_WAKE_BT Pin=U2-L22
Added Pin To Net: NetName=VCC_DCXOIO Pin=U2-M19
Added Pin To Net: NetName=EMMC_CMD Pin=U2-M21
Added Pin To Net: NetName=WL_REG_ON Pin=U2-M22
Added Pin To Net: NetName=VCC_PC Pin=U2-N19
Added Pin To Net: NetName=NetR34_2 Pin=U2-N20
Added Pin To Net: NetName=EMMC_D0 Pin=U2-N22
Added Pin To Net: NetName=EMMC_D1 Pin=U2-N23
Added Pin To Net: NetName=PD18 Pin=U2-P4
Added Pin To Net: NetName=BLDO1 Pin=U2-P18
Added Pin To Net: NetName=NetR71_2 Pin=U2-P19
Added Pin To Net: NetName=PD16 Pin=U2-R2
Added Pin To Net: NetName=PD15 Pin=U2-R3
Added Pin To Net: NetName=TWIO_SDA Pin=U2-R5
Added Pin To Net: NetName=ALDO3 Pin=U2-R6
Added Pin To Net: NetName=NetR36_2 Pin=U2-R19
Added Pin To Net: NetName=EMMC_DS Pin=U2-R20
Added Pin To Net: NetName=EMMC_D2 Pin=U2-R22
Added Pin To Net: NetName=EMMC_D3 Pin=U2-R23
Added Pin To Net: NetName=PD21 Pin=U2-T3
Added Pin To Net: NetName=EMMC_D5 Pin=U2-T21
Added Pin To Net: NetName=EMMC_D4 Pin=U2-T22
Added Pin To Net: NetName=PWM0 Pin=U2-U2
Added Pin To Net: NetName=TWIO_SCL Pin=U2-U3
Added Pin To Net: NetName=UART3_TX Pin=U2-U5
Added Pin To Net: NetName=VCC_DRAM Pin=U2-U8
Added Pin To Net: NetName=VCC_DRAM Pin=U2-U13
Added Pin To Net: NetName=VCC_DRAM Pin=U2-U14
Added Pin To Net: NetName=VCC_DRAM Pin=U2-U16
Added Pin To Net: NetName=EMMC_D6 Pin=U2-U19
Added Pin To Net: NetName=EMMC_D7 Pin=U2-U21
Added Pin To Net: NetName=UART3_RX Pin=U2-V1
Added Pin To Net: NetName=SVREF Pin=U2-V6
Added Pin To Net: NetName=VCC_DRAM Pin=U2-V9
Added Pin To Net: NetName=VCC_DRAM Pin=U2-V10
Added Pin To Net: NetName=VCC_DRAM Pin=U2-V11
Added Pin To Net: NetName=VCC_DRAM Pin=U2-V15
Added Pin To Net: NetName=NetR2_2 Pin=U2-W2
Added Pin To Net: NetName=GND Pin=U2-W5
Added Pin To Net: NetName=GND Pin=U2-W7
Added Pin To Net: NetName=GND Pin=U2-W8
Added Pin To Net: NetName=SCS0 Pin=U2-W13
Added Pin To Net: NetName=SCKE0 Pin=U2-W14
Added Pin To Net: NetName=GND Pin=U2-W16
Added Pin To Net: NetName=GND Pin=U2-W17
Added Pin To Net: NetName=GND Pin=U2-W19
Added Pin To Net: NetName=BLDO1 Pin=U2-W22
Added Pin To Net: NetName=SDQ24 Pin=U2-Y1
Added Pin To Net: NetName=SDQ25 Pin=U2-Y2
Added Pin To Net: NetName=SA9 Pin=U2-Y3
Added Pin To Net: NetName=GND Pin=U2-Y7
Added Pin To Net: NetName=SA6 Pin=U2-Y8
Added Pin To Net: NetName=SA5 Pin=U2-Y10
Added Pin To Net: NetName=SCKE1 Pin=U2-Y11
Added Pin To Net: NetName=SCS1 Pin=U2-Y14
Added Pin To Net: NetName=SA4 Pin=U2-Y16
Added Pin To Net: NetName=GND Pin=U2-Y17
Added Pin To Net: NetName=SA3 Pin=U2-Y20
Added Pin To Net: NetName=SDQ15 Pin=U2-Y22
Added Pin To Net: NetName=SDQM1 Pin=U2-Y23
Added Pin To Net: NetName=LINEOUTL Pin=C34-2
Added Pin To Net: NetName=LINEOUTL Pin=U2-D2
Added Net: Name=LINEOUTL
Added Pin To Net: NetName=LINEOUTR Pin=C33-2
Added Pin To Net: NetName=LINEOUTR Pin=U2-D1
Added Net: Name=LINEOUTR
