Remove Pin from Net: Failed to remove Pin
Remove Pin from Net: Unknown Pin: Pin U?-A4
Remove Pin from Net: Failed to remove Pin
Remove Pin from Net: Failed to remove Pin
Remove Pin from Net: Failed to remove Pin
Remove Pin from Net: Failed to remove Pin
Remove Pin from Net: Failed to remove Pin
Remove Pin from Net: Unknown Pin: Pin U?-A11
Removed Pin From Net: NetName=SDQ26 Pin=U?-AA1
Removed Pin From Net: NetName=SDQ27 Pin=U?-AA2
Removed Pin From Net: NetName=GND Pin=U?-AA4
Removed Pin From Net: NetName=SA7 Pin=U?-AA5
Removed Pin From Net: NetName=SA8 Pin=U?-AA7
Removed Pin From Net: NetName=GND Pin=U?-AA11
Removed Pin From Net: NetName=SODT0 Pin=U?-AA13
Removed Pin From Net: NetName=GND Pin=U?-AA14
Removed Pin From Net: NetName=SA0 Pin=U?-AA15
Removed Pin From Net: NetName=SA1 Pin=U?-AA17
Removed Pin From Net: NetName=SA2 Pin=U?-AA19
Removed Pin From Net: NetName=GND Pin=U?-AA20
Removed Pin From Net: NetName=SDQ14 Pin=U?-AA22
Removed Pin From Net: NetName=SDQ13 Pin=U?-AA23
Removed Pin From Net: NetName=SDQS3_P Pin=U?-AB1
Removed Pin From Net: NetName=SDQS3_N Pin=U?-AB2
Removed Pin From Net: NetName=SDQ31 Pin=U?-AB4
Removed Pin From Net: NetName=SDQM3 Pin=U?-AB5
Removed Pin From Net: NetName=SDQ17 Pin=U?-AB6
Removed Pin From Net: NetName=SDQ19 Pin=U?-AB7
Removed Pin From Net: NetName=SDQS2_P Pin=U?-AB8
Removed Pin From Net: NetName=SDQ21 Pin=U?-AB9
Removed Pin From Net: NetName=SDQ23 Pin=U?-AB10
Removed Pin From Net: NetName=SDQM2 Pin=U?-AB11
Removed Pin From Net: NetName=SCK_N Pin=U?-AB12
Removed Pin From Net: NetName=SDQ5 Pin=U?-AB14
Removed Pin From Net: NetName=SDQ4 Pin=U?-AB15
Removed Pin From Net: NetName=SDQS0_N Pin=U?-AB16
Removed Pin From Net: NetName=SDQ2 Pin=U?-AB17
Removed Pin From Net: NetName=SDQ0 Pin=U?-AB18
Removed Pin From Net: NetName=SDQ8 Pin=U?-AB19
Removed Pin From Net: NetName=SDQ11 Pin=U?-AB20
Removed Pin From Net: NetName=SDQS1_N Pin=U?-AB22
Removed Pin From Net: NetName=SDQ12 Pin=U?-AB23
Removed Pin From Net: NetName=SDQ28 Pin=U?-AC2
Removed Pin From Net: NetName=SDQ29 Pin=U?-AC3
Removed Pin From Net: NetName=SDQ30 Pin=U?-AC4
Removed Pin From Net: NetName=SDQ16 Pin=U?-AC6
Removed Pin From Net: NetName=SDQ18 Pin=U?-AC7
Removed Pin From Net: NetName=SDQS2_N Pin=U?-AC8
Removed Pin From Net: NetName=SDQ20 Pin=U?-AC9
Removed Pin From Net: NetName=SDQ22 Pin=U?-AC10
Removed Pin From Net: NetName=SCK_P Pin=U?-AC12
Removed Pin From Net: NetName=SDQ7 Pin=U?-AC13
Removed Pin From Net: NetName=SDQ6 Pin=U?-AC14
Removed Pin From Net: NetName=SDQS0_P Pin=U?-AC15
Removed Pin From Net: NetName=SDQ3 Pin=U?-AC16
Removed Pin From Net: NetName=SDQ1 Pin=U?-AC17
Removed Pin From Net: NetName=SDQM0 Pin=U?-AC18
Removed Pin From Net: NetName=SDQ9 Pin=U?-AC20
Removed Pin From Net: NetName=SDQ10 Pin=U?-AC21
Removed Pin From Net: NetName=SDQS1_P Pin=U?-AC22
Remove Pin from Net: Failed to remove Pin
Remove Pin from Net: Failed to remove Pin
Remove Pin from Net: Failed to remove Pin
Remove Pin from Net: Failed to remove Pin
Remove Pin from Net: Failed to remove Pin
Remove Pin from Net: Failed to remove Pin
Remove Pin from Net: Unknown Pin: Pin U?-C6
Remove Pin from Net: Failed to remove Pin
Remove Pin from Net: Failed to remove Pin
Remove Pin from Net: Failed to remove Pin
Remove Pin from Net: Failed to remove Pin
Remove Pin from Net: Unknown Pin: Pin U?-D6
Remove Pin from Net: Failed to remove Pin
Remove Pin from Net: Failed to remove Pin
Remove Pin from Net: Failed to remove Pin
Remove Pin from Net: Failed to remove Pin
Remove Pin from Net: Failed to remove Pin
Remove Pin from Net: Failed to remove Pin
Remove Pin from Net: Failed to remove Pin
Remove Pin from Net: Unknown Pin: Pin U?-F4
Remove Pin from Net: Failed to remove Pin
Remove Pin from Net: Unknown Pin: Pin U?-F6
Remove Pin from Net: Failed to remove Pin
Remove Pin from Net: Failed to remove Pin
Remove Pin from Net: Failed to remove Pin
Remove Pin from Net: Unknown Pin: Pin U?-G4
Remove Pin from Net: Unknown Pin: Pin U?-G5
Remove Pin from Net: Unknown Pin: Pin U?-G6
Remove Pin from Net: Failed to remove Pin
Remove Pin from Net: Failed to remove Pin
Remove Pin from Net: Failed to remove Pin
Remove Pin from Net: Failed to remove Pin
Remove Pin from Net: Failed to remove Pin
Remove Pin from Net: Failed to remove Pin
Remove Pin from Net: Failed to remove Pin
Remove Pin from Net: Failed to remove Pin
Remove Pin from Net: Failed to remove Pin
Remove Pin from Net: Failed to remove Pin
Remove Pin from Net: Failed to remove Pin
Remove Pin from Net: Unknown Pin: Pin U?-J4
Remove Pin from Net: Failed to remove Pin
Remove Pin from Net: Failed to remove Pin
Remove Pin from Net: Failed to remove Pin
Remove Pin from Net: Failed to remove Pin
Remove Pin from Net: Failed to remove Pin
Remove Pin from Net: Failed to remove Pin
Remove Pin from Net: Unknown Pin: Pin U?-K5
Remove Pin from Net: Unknown Pin: Pin U?-K6
Remove Pin from Net: Failed to remove Pin
Remove Pin from Net: Failed to remove Pin
Remove Pin from Net: Failed to remove Pin
Remove Pin from Net: Failed to remove Pin
Remove Pin from Net: Failed to remove Pin
Remove Pin from Net: Failed to remove Pin
Remove Pin from Net: Failed to remove Pin
Remove Pin from Net: Failed to remove Pin
Remove Pin from Net: Failed to remove Pin
Remove Pin from Net: Failed to remove Pin
Remove Pin from Net: Failed to remove Pin
Remove Pin from Net: Failed to remove Pin
Remove Pin from Net: Failed to remove Pin
Remove Pin from Net: Failed to remove Pin
Remove Pin from Net: Unknown Pin: Pin U?-N4
Remove Pin from Net: Unknown Pin: Pin U?-N5
Remove Pin from Net: Unknown Pin: Pin U?-N6
Remove Pin from Net: Failed to remove Pin
Remove Pin from Net: Failed to remove Pin
Remove Pin from Net: Failed to remove Pin
Remove Pin from Net: Failed to remove Pin
Remove Pin from Net: Failed to remove Pin
Remove Pin from Net: Failed to remove Pin
Remove Pin from Net: Failed to remove Pin
Remove Pin from Net: Unknown Pin: Pin U?-R4
Remove Pin from Net: Failed to remove Pin
Remove Pin from Net: Failed to remove Pin
Remove Pin from Net: Failed to remove Pin
Remove Pin from Net: Failed to remove Pin
Remove Pin from Net: Failed to remove Pin
Remove Pin from Net: Unknown Pin: Pin U?-T4
Remove Pin from Net: Unknown Pin: Pin U?-T5
Remove Pin from Net: Unknown Pin: Pin U?-T6
Remove Pin from Net: Failed to remove Pin
Remove Pin from Net: Failed to remove Pin
Remove Pin from Net: Failed to remove Pin
Remove Pin from Net: Failed to remove Pin
Remove Pin from Net: Failed to remove Pin
Removed Pin From Net: NetName=VCC_DRAM Pin=U?-U8
Remove Pin from Net: Failed to remove Pin
Remove Pin from Net: Failed to remove Pin
Remove Pin from Net: Failed to remove Pin
Remove Pin from Net: Failed to remove Pin
Removed Pin From Net: NetName=VCC_DRAM Pin=U?-U13
Removed Pin From Net: NetName=VCC_DRAM Pin=U?-U14
Removed Pin From Net: NetName=VCC_DRAM Pin=U?-U16
Removed Pin From Net: NetName=SVREF Pin=U?-V6
Removed Pin From Net: NetName=VCC_DRAM Pin=U?-V9
Removed Pin From Net: NetName=VCC_DRAM Pin=U?-V10
Removed Pin From Net: NetName=VCC_DRAM Pin=U?-V11
Removed Pin From Net: NetName=VCC_DRAM Pin=U?-V15
Removed Pin From Net: NetName=GND Pin=U?-W5
Removed Pin From Net: NetName=GND Pin=U?-W7
Removed Pin From Net: NetName=GND Pin=U?-W8
Removed Pin From Net: NetName=SCS0 Pin=U?-W13
Removed Pin From Net: NetName=SCKE0 Pin=U?-W14
Removed Pin From Net: NetName=GND Pin=U?-W16
Removed Pin From Net: NetName=GND Pin=U?-W17
Removed Pin From Net: NetName=GND Pin=U?-W19
Removed Pin From Net: NetName=VDD18_DRAM Pin=U?-W22
Removed Pin From Net: NetName=SDQ24 Pin=U?-Y1
Removed Pin From Net: NetName=SDQ25 Pin=U?-Y2
Removed Pin From Net: NetName=SA9 Pin=U?-Y3
Removed Pin From Net: NetName=GND Pin=U?-Y7
Removed Pin From Net: NetName=SA6 Pin=U?-Y8
Removed Pin From Net: NetName=SA5 Pin=U?-Y10
Removed Pin From Net: NetName=SCKE1 Pin=U?-Y11
Removed Pin From Net: NetName=SCS1 Pin=U?-Y14
Removed Pin From Net: NetName=SA4 Pin=U?-Y16
Removed Pin From Net: NetName=GND Pin=U?-Y17
Removed Pin From Net: NetName=SA3 Pin=U?-Y20
Removed Pin From Net: NetName=SDQ15 Pin=U?-Y22
Removed Pin From Net: NetName=SDQM1 Pin=U?-Y23
Removed Member From Class: ClassName=EMMC Member=U??
Removed Member From Class: ClassName=Low Power DDR3 2GB Member=U??
Removed Member From Class: ClassName=Power Member=U??
Removed Member From Class: ClassName=Low Power DDR3 2GB Member=U?
Removed Member From Class: ClassName=TF-Card and USB Member=U?
Change Component Designator: OldDesignator=AUDIO?? NewDesignator=AUDIO1
Change Component Designator: OldDesignator=C? NewDesignator=C1
Change Component Designator: OldDesignator=C? NewDesignator=C2
Change Component Designator: OldDesignator=C? NewDesignator=C3
Change Component Designator: OldDesignator=C? NewDesignator=C4
Change Component Designator: OldDesignator=C? NewDesignator=C5
Change Component Designator: OldDesignator=C? NewDesignator=C6
Change Component Designator: OldDesignator=C? NewDesignator=C7
Change Component Designator: OldDesignator=C? NewDesignator=C8
Change Component Designator: OldDesignator=C? NewDesignator=C9
Change Component Designator: OldDesignator=C? NewDesignator=C10
Change Component Designator: OldDesignator=C? NewDesignator=C11
Change Component Designator: OldDesignator=C? NewDesignator=C12
Change Component Designator: OldDesignator=C? NewDesignator=C13
Change Component Designator: OldDesignator=C? NewDesignator=C14
Change Component Designator: OldDesignator=C? NewDesignator=C15
Change Component Designator: OldDesignator=C? NewDesignator=C16
Change Component Designator: OldDesignator=C? NewDesignator=C17
Change Component Designator: OldDesignator=C? NewDesignator=C18
Change Component Designator: OldDesignator=C? NewDesignator=C19
Change Component Designator: OldDesignator=C? NewDesignator=C20
Change Component Designator: OldDesignator=C? NewDesignator=C21
Change Component Designator: OldDesignator=C? NewDesignator=C22
Change Component Designator: OldDesignator=C? NewDesignator=C23
Change Component Designator: OldDesignator=C? NewDesignator=C24
Change Component Designator: OldDesignator=C? NewDesignator=C25
Change Component Designator: OldDesignator=C? NewDesignator=C26
Change Component Designator: OldDesignator=C? NewDesignator=C27
Change Component Designator: OldDesignator=C? NewDesignator=C28
Change Component Designator: OldDesignator=C? NewDesignator=C29
Change Component Designator: OldDesignator=C? NewDesignator=C30
Change Component Designator: OldDesignator=C? NewDesignator=C31
Change Component Designator: OldDesignator=C? NewDesignator=C32
Change Component Designator: OldDesignator=CN?? NewDesignator=CN1
Change Component Designator: OldDesignator=R? NewDesignator=R1
Change Component Designator: OldDesignator=R? NewDesignator=R2
Change Component Designator: OldDesignator=R? NewDesignator=R3
Change Component Designator: OldDesignator=R? NewDesignator=R4
Change Component Designator: OldDesignator=R? NewDesignator=R5
Change Component Designator: OldDesignator=R? NewDesignator=R6
Change Component Designator: OldDesignator=R? NewDesignator=R7
Change Component Designator: OldDesignator=U? NewDesignator=U5
Change Component Designator: OldDesignator=U?? NewDesignator=U1
Change Component Designator: OldDesignator=U?? NewDesignator=U3
Change Component Designator: OldDesignator=U?? NewDesignator=U4
Change Component Designator: OldDesignator=U?? NewDesignator=U6
Change Component Designator: OldDesignator=USB?? NewDesignator=USB1
Change Component Designator: OldDesignator=USB?? NewDesignator=USB2
Change Component Designator: OldDesignator=USBC? NewDesignator=USBC1
Added Component: Designator=U2(BGA451_ALLWINNER_H6)
Add component (AddParameter): Name = "Add into BOM"; Value = "yes"; VariantName = "[No Variations]"
Add component (AddParameter): Name = "Convert to PCB"; Value = "yes"; VariantName = "[No Variations]"
Add component (AddParameter): Name = "Device"; Value = "Allwinner_H6"; VariantName = "[No Variations]"
Add component (AddParameter): Name = "Symbol"; Value = "Allwinner_H6"; VariantName = "[No Variations]"
Added Pin To Net: NetName=SCK_P Pin=R5-1
Added Pin To Net: NetName=SCK_N Pin=R5-2
Added Pin To Net: NetName=VDD18_DRAM Pin=U1-A3
Added Pin To Net: NetName=VDD18_DRAM Pin=U1-A4
Added Pin To Net: NetName=VDD18_DRAM Pin=U1-A5
Added Pin To Net: NetName=VDD18_DRAM Pin=U1-A6
Added Pin To Net: NetName=VCC_DRAM Pin=U1-A8
Added Pin To Net: NetName=VCC_DRAM Pin=U1-A9
Added Pin To Net: NetName=VDD18_DRAM Pin=U1-A10
Added Pin To Net: NetName=VCC_DRAM Pin=U1-A11
Added Pin To Net: NetName=GND Pin=U1-B2
Added Pin To Net: NetName=GND Pin=U1-B5
Added Pin To Net: NetName=GND Pin=U1-B6
Added Pin To Net: NetName=GND Pin=U1-B12
Added Pin To Net: NetName=GND Pin=U1-C3
Added Pin To Net: NetName=GND Pin=U1-C5
Added Pin To Net: NetName=GND Pin=U1-C6
Added Pin To Net: NetName=VCC_DRAM Pin=U1-C12
Added Pin To Net: NetName=GND Pin=U1-D3
Added Pin To Net: NetName=VCC_DRAM Pin=U1-D4
Added Pin To Net: NetName=VCC_DRAM Pin=U1-D5
Added Pin To Net: NetName=VCC_DRAM Pin=U1-D6
Added Pin To Net: NetName=GND Pin=U1-D12
Added Pin To Net: NetName=GND Pin=U1-E4
Added Pin To Net: NetName=GND Pin=U1-E5
Added Pin To Net: NetName=GND Pin=U1-E6
Added Pin To Net: NetName=VCC_DRAM Pin=U1-E8
Added Pin To Net: NetName=VCC_DRAM Pin=U1-E12
Added Pin To Net: NetName=VCC_DRAM Pin=U1-F2
Added Pin To Net: NetName=GND Pin=U1-F4
Added Pin To Net: NetName=GND Pin=U1-F5
Added Pin To Net: NetName=GND Pin=U1-F6
Added Pin To Net: NetName=GND Pin=U1-F12
Added Pin To Net: NetName=VCC_DRAM Pin=U1-G2
Added Pin To Net: NetName=GND Pin=U1-G3
Added Pin To Net: NetName=GND Pin=U1-G4
Added Pin To Net: NetName=VCC_DRAM Pin=U1-G5
Added Pin To Net: NetName=VCC_DRAM Pin=U1-G6
Added Pin To Net: NetName=GND Pin=U1-G9
Added Pin To Net: NetName=VCC_DRAM Pin=U1-G12
Added Pin To Net: NetName=GND Pin=U1-H2
Added Pin To Net: NetName=VCC_DRAM Pin=U1-H3
Added Pin To Net: NetName=VCC_DRAM Pin=U1-H5
Added Pin To Net: NetName=VCC_DRAM Pin=U1-H6
Added Pin To Net: NetName=VCC_DRAM Pin=U1-H8
Added Pin To Net: NetName=VCC_DRAM Pin=U1-H9
Added Pin To Net: NetName=GND Pin=U1-H10
Added Pin To Net: NetName=VCC_DRAM Pin=U1-H11
Added Pin To Net: NetName=VCC_DRAM Pin=U1-H12
Added Pin To Net: NetName=GND Pin=U1-J4
Added Pin To Net: NetName=VCC_DRAM Pin=U1-J5
Added Pin To Net: NetName=VCC_DRAM Pin=U1-J6
Added Pin To Net: NetName=VCC_DRAM Pin=U1-J9
Added Pin To Net: NetName=VCC_DRAM Pin=U1-J10
Added Pin To Net: NetName=GND Pin=U1-J12
Added Pin To Net: NetName=GND Pin=U1-K2
Added Pin To Net: NetName=VCC_DRAM Pin=U1-K5
Added Pin To Net: NetName=VCC_DRAM Pin=U1-K6
Added Pin To Net: NetName=VCC_DRAM Pin=U1-K8
Added Pin To Net: NetName=GND Pin=U1-K10
Added Pin To Net: NetName=VCC_DRAM Pin=U1-K11
Added Pin To Net: NetName=VCC_DRAM Pin=U1-K12
Added Pin To Net: NetName=VCC_DRAM Pin=U1-L2
Added Pin To Net: NetName=VCC_DRAM Pin=U1-L5
Added Pin To Net: NetName=GND Pin=U1-L6
Added Pin To Net: NetName=GND Pin=U1-L9
Added Pin To Net: NetName=VCC_DRAM Pin=U1-L12
Added Pin To Net: NetName=VCC_DRAM Pin=U1-M2
Added Pin To Net: NetName=GND Pin=U1-M4
Added Pin To Net: NetName=GND Pin=U1-M5
Added Pin To Net: NetName=GND Pin=U1-M6
Added Pin To Net: NetName=GND Pin=U1-M12
Added Pin To Net: NetName=GND Pin=U1-N4
Added Pin To Net: NetName=GND Pin=U1-N5
Added Pin To Net: NetName=GND Pin=U1-N6
Added Pin To Net: NetName=VCC_DRAM Pin=U1-N8
Added Pin To Net: NetName=VCC_DRAM Pin=U1-N12
Added Pin To Net: NetName=GND Pin=U1-P3
Added Pin To Net: NetName=VCC_DRAM Pin=U1-P4
Added Pin To Net: NetName=VCC_DRAM Pin=U1-P5
Added Pin To Net: NetName=VCC_DRAM Pin=U1-P6
Added Pin To Net: NetName=GND Pin=U1-P12
Added Pin To Net: NetName=GND Pin=U1-R4
Added Pin To Net: NetName=GND Pin=U1-R5
Added Pin To Net: NetName=GND Pin=U1-R6
Added Pin To Net: NetName=VCC_DRAM Pin=U1-R12
Added Pin To Net: NetName=GND Pin=U1-T2
Added Pin To Net: NetName=GND Pin=U1-T3
Added Pin To Net: NetName=GND Pin=U1-T4
Added Pin To Net: NetName=GND Pin=U1-T5
Added Pin To Net: NetName=GND Pin=U1-T6
Added Pin To Net: NetName=GND Pin=U1-T12
Added Pin To Net: NetName=VDD18_DRAM Pin=U1-U3
Added Pin To Net: NetName=VDD18_DRAM Pin=U1-U4
Added Pin To Net: NetName=VDD18_DRAM Pin=U1-U5
Added Pin To Net: NetName=VDD18_DRAM Pin=U1-U6
Added Pin To Net: NetName=VCC_DRAM Pin=U1-U8
Added Pin To Net: NetName=VCC_DRAM Pin=U1-U9
Added Pin To Net: NetName=VDD18_DRAM Pin=U1-U10
Added Pin To Net: NetName=VCC_DRAM Pin=U1-U11
Added Pin To Net: NetName=SDQ26 Pin=U2-AA1
Added Pin To Net: NetName=SDQ27 Pin=U2-AA2
Added Pin To Net: NetName=GND Pin=U2-AA4
Added Pin To Net: NetName=SA7 Pin=U2-AA5
Added Pin To Net: NetName=SA8 Pin=U2-AA7
Added Pin To Net: NetName=GND Pin=U2-AA11
Added Pin To Net: NetName=SODT0 Pin=U2-AA13
Added Pin To Net: NetName=GND Pin=U2-AA14
Added Pin To Net: NetName=SA0 Pin=U2-AA15
Added Pin To Net: NetName=SA1 Pin=U2-AA17
Added Pin To Net: NetName=SA2 Pin=U2-AA19
Added Pin To Net: NetName=GND Pin=U2-AA20
Added Pin To Net: NetName=SDQ14 Pin=U2-AA22
Added Pin To Net: NetName=SDQ13 Pin=U2-AA23
Added Pin To Net: NetName=SDQS3_P Pin=U2-AB1
Added Pin To Net: NetName=SDQS3_N Pin=U2-AB2
Added Pin To Net: NetName=SDQ31 Pin=U2-AB4
Added Pin To Net: NetName=SDQM3 Pin=U2-AB5
Added Pin To Net: NetName=SDQ17 Pin=U2-AB6
Added Pin To Net: NetName=SDQ19 Pin=U2-AB7
Added Pin To Net: NetName=SDQS2_P Pin=U2-AB8
Added Pin To Net: NetName=SDQ21 Pin=U2-AB9
Added Pin To Net: NetName=SDQ23 Pin=U2-AB10
Added Pin To Net: NetName=SDQM2 Pin=U2-AB11
Added Pin To Net: NetName=SCK_N Pin=U2-AB12
Added Pin To Net: NetName=SDQ5 Pin=U2-AB14
Added Pin To Net: NetName=SDQ4 Pin=U2-AB15
Added Pin To Net: NetName=SDQS0_N Pin=U2-AB16
Added Pin To Net: NetName=SDQ2 Pin=U2-AB17
Added Pin To Net: NetName=SDQ0 Pin=U2-AB18
Added Pin To Net: NetName=SDQ8 Pin=U2-AB19
Added Pin To Net: NetName=SDQ11 Pin=U2-AB20
Added Pin To Net: NetName=SDQS1_N Pin=U2-AB22
Added Pin To Net: NetName=SDQ12 Pin=U2-AB23
Added Pin To Net: NetName=SDQ28 Pin=U2-AC2
Added Pin To Net: NetName=SDQ29 Pin=U2-AC3
Added Pin To Net: NetName=SDQ30 Pin=U2-AC4
Added Pin To Net: NetName=SDQ16 Pin=U2-AC6
Added Pin To Net: NetName=SDQ18 Pin=U2-AC7
Added Pin To Net: NetName=SDQS2_N Pin=U2-AC8
Added Pin To Net: NetName=SDQ20 Pin=U2-AC9
Added Pin To Net: NetName=SDQ22 Pin=U2-AC10
Added Pin To Net: NetName=SCK_P Pin=U2-AC12
Added Pin To Net: NetName=SDQ7 Pin=U2-AC13
Added Pin To Net: NetName=SDQ6 Pin=U2-AC14
Added Pin To Net: NetName=SDQS0_P Pin=U2-AC15
Added Pin To Net: NetName=SDQ3 Pin=U2-AC16
Added Pin To Net: NetName=SDQ1 Pin=U2-AC17
Added Pin To Net: NetName=SDQM0 Pin=U2-AC18
Added Pin To Net: NetName=SDQ9 Pin=U2-AC20
Added Pin To Net: NetName=SDQ10 Pin=U2-AC21
Added Pin To Net: NetName=SDQS1_P Pin=U2-AC22
Added Pin To Net: NetName=VCC_DRAM Pin=U2-U8
Added Pin To Net: NetName=VCC_DRAM Pin=U2-U13
Added Pin To Net: NetName=VCC_DRAM Pin=U2-U14
Added Pin To Net: NetName=VCC_DRAM Pin=U2-U16
Added Pin To Net: NetName=SVREF Pin=U2-V6
Added Pin To Net: NetName=VCC_DRAM Pin=U2-V9
Added Pin To Net: NetName=VCC_DRAM Pin=U2-V10
Added Pin To Net: NetName=VCC_DRAM Pin=U2-V11
Added Pin To Net: NetName=VCC_DRAM Pin=U2-V15
Added Pin To Net: NetName=GND Pin=U2-W5
Added Pin To Net: NetName=GND Pin=U2-W7
Added Pin To Net: NetName=GND Pin=U2-W8
Added Pin To Net: NetName=SCS0 Pin=U2-W13
Added Pin To Net: NetName=SCKE0 Pin=U2-W14
Added Pin To Net: NetName=GND Pin=U2-W16
Added Pin To Net: NetName=GND Pin=U2-W17
Added Pin To Net: NetName=GND Pin=U2-W19
Added Pin To Net: NetName=VDD18_DRAM Pin=U2-W22
Added Pin To Net: NetName=SDQ24 Pin=U2-Y1
Added Pin To Net: NetName=SDQ25 Pin=U2-Y2
Added Pin To Net: NetName=SA9 Pin=U2-Y3
Added Pin To Net: NetName=GND Pin=U2-Y7
Added Pin To Net: NetName=SA6 Pin=U2-Y8
Added Pin To Net: NetName=SA5 Pin=U2-Y10
Added Pin To Net: NetName=SCKE1 Pin=U2-Y11
Added Pin To Net: NetName=SCS1 Pin=U2-Y14
Added Pin To Net: NetName=SA4 Pin=U2-Y16
Added Pin To Net: NetName=GND Pin=U2-Y17
Added Pin To Net: NetName=SA3 Pin=U2-Y20
Added Pin To Net: NetName=SDQ15 Pin=U2-Y22
Added Pin To Net: NetName=SDQM1 Pin=U2-Y23
Added Pin To Net: NetName=NetR1_2 Pin=R1-2
Added Pin To Net: NetName=NetR1_2 Pin=U1-B3
Added Net: Name=NetR1_2
Added Pin To Net: NetName=NetR2_2 Pin=R2-2
Added Pin To Net: NetName=NetR2_2 Pin=U2-W2
Added Net: Name=NetR2_2
Added Member To Class: ClassName=Low Power DDR3 2GB Member=Component C1 10uF
Added Member To Class: ClassName=Low Power DDR3 2GB Member=Component C2 1uF
Added Member To Class: ClassName=Low Power DDR3 2GB Member=Component C3 1uF
Added Member To Class: ClassName=Low Power DDR3 2GB Member=Component C4 1uF
Added Member To Class: ClassName=Low Power DDR3 2GB Member=Component C5 100nF
Added Member To Class: ClassName=Low Power DDR3 2GB Member=Component C6 100nF
Added Member To Class: ClassName=Low Power DDR3 2GB Member=Component C7 100nF
Added Member To Class: ClassName=Low Power DDR3 2GB Member=Component C8 100nF
Added Member To Class: ClassName=Low Power DDR3 2GB Member=Component C9 100nF
Added Member To Class: ClassName=Low Power DDR3 2GB Member=Component C10 100nF
Added Member To Class: ClassName=Low Power DDR3 2GB Member=Component C11 100nF
Added Member To Class: ClassName=Low Power DDR3 2GB Member=Component C12 100nF
Added Member To Class: ClassName=Low Power DDR3 2GB Member=Component C13 NC-100nF
Added Member To Class: ClassName=Low Power DDR3 2GB Member=Component C14 NC-10uF
Added Member To Class: ClassName=Low Power DDR3 2GB Member=Component C15 NC-1uF
Added Member To Class: ClassName=Low Power DDR3 2GB Member=Component C16 NC-100nF
Added Member To Class: ClassName=Low Power DDR3 2GB Member=Component C17 100nF
Added Member To Class: ClassName=Low Power DDR3 2GB Member=Component C18 100nF
Added Member To Class: ClassName=Low Power DDR3 2GB Member=Component C19 1uF
Added Member To Class: ClassName=Low Power DDR3 2GB Member=Component C20 100nF
Added Member To Class: ClassName=Low Power DDR3 2GB Member=Component C21 100nF
Added Member To Class: ClassName=Low Power DDR3 2GB Member=Component C22 10uF
Added Member To Class: ClassName=Low Power DDR3 2GB Member=Component C23 1uF
Added Member To Class: ClassName=Low Power DDR3 2GB Member=Component C24 1uF
Added Member To Class: ClassName=Low Power DDR3 2GB Member=Component C25 100nF
Added Member To Class: ClassName=Low Power DDR3 2GB Member=Component C26 100nF
Added Member To Class: ClassName=Low Power DDR3 2GB Member=Component C28 NC-1uF
Added Member To Class: ClassName=Low Power DDR3 2GB Member=Component C29 NC-100nF
Added Member To Class: ClassName=Low Power DDR3 2GB Member=Component C30 NC-100nF
Added Member To Class: ClassName=Low Power DDR3 2GB Member=Component C31 100nF
Added Member To Class: ClassName=Low Power DDR3 2GB Member=Component C32 100nF
Added Member To Class: ClassName=Low Power DDR3 2GB Member=Component R1 240O
Added Member To Class: ClassName=Low Power DDR3 2GB Member=Component R2 240O
Added Member To Class: ClassName=Low Power DDR3 2GB Member=Component R4 1.5kO
Added Member To Class: ClassName=Low Power DDR3 2GB Member=Component R5 100O
Added Member To Class: ClassName=Low Power DDR3 2GB Member=Component R6 2kO
Added Member To Class: ClassName=Low Power DDR3 2GB Member=Component R7 2kO
Added Member To Class: ClassName=Low Power DDR3 2GB Member=Component U1 LPDDR3-2G
Added Member To Class: ClassName=Low Power DDR3 2GB Member=Component U2 Allwinner_H6
Added Member To Class: ClassName=EMMC Member=Component U3 KLM8G1GETF-B041
Added Member To Class: ClassName=Power Member=Component U4 AXP805
Added Member To Class: ClassName=TF-Card and USB Member=Component U5 TF-01A_C91145
Added Member To Class: ClassName=TF-Card and USB Member=Component USB1 USB-303WSD-BRY
