Change Component Designator: Old Designator=C? New Designator=C101
Change Component Designator: Old Designator=C? New Designator=C102
Change Component Designator: Old Designator=C? New Designator=C103
Change Component Designator: Old Designator=C? New Designator=C104
Change Component Designator: Old Designator=C? New Designator=C105
Change Component Designator: Old Designator=C? New Designator=C106
Change Component Designator: Old Designator=C? New Designator=C107
Change Component Designator: Old Designator=C? New Designator=C108
Change Component Designator: Old Designator=C? New Designator=C109
Change Component Designator: Old Designator=C? New Designator=C110
Change Component Designator: Old Designator=C? New Designator=C111
Change Component Designator: Old Designator=C? New Designator=C112
Change Component Designator: Old Designator=C? New Designator=C113
Change Component Designator: Old Designator=C? New Designator=C114
Change Component Designator: Old Designator=C? New Designator=C115
Change Component Designator: Old Designator=C? New Designator=C116
Change Component Designator: Old Designator=C? New Designator=C117
Change Component Designator: Old Designator=C? New Designator=C118
Change Component Designator: Old Designator=C? New Designator=C119
Change Component Designator: Old Designator=C? New Designator=C120
Change Component Designator: Old Designator=C? New Designator=C121
Change Component Designator: Old Designator=C? New Designator=C122
Change Component Designator: Old Designator=C? New Designator=C123
Change Component Designator: Old Designator=C? New Designator=C124
Change Component Designator: Old Designator=C? New Designator=C125
Change Component Designator: Old Designator=C? New Designator=C126
Change Component Designator: Old Designator=C? New Designator=C127
Change Component Designator: Old Designator=C? New Designator=C128
Change Component Designator: Old Designator=C? New Designator=C129
Change Component Designator: Old Designator=C? New Designator=C130
Change Component Designator: Old Designator=C? New Designator=C131
Change Component Designator: Old Designator=C? New Designator=C132
Change Component Designator: Old Designator=C? New Designator=C133
Change Component Designator: Old Designator=C? New Designator=C134
Change Component Designator: Old Designator=C? New Designator=C135
Change Component Designator: Old Designator=C? New Designator=C136
Change Component Designator: Old Designator=C? New Designator=C137
Change Component Designator: Old Designator=C? New Designator=C138
Change Component Designator: Old Designator=C? New Designator=C139
Change Component Designator: Old Designator=C? New Designator=C140
Change Component Designator: Old Designator=C? New Designator=C141
Change Component Designator: Old Designator=C? New Designator=C142
Change Component Designator: Old Designator=C? New Designator=C143
Change Component Designator: Old Designator=C? New Designator=C144
Change Component Designator: Old Designator=C? New Designator=C145
Change Component Designator: Old Designator=C? New Designator=C146
Change Component Designator: Old Designator=C? New Designator=C147
Change Component Designator: Old Designator=C? New Designator=C148
Change Component Designator: Old Designator=C? New Designator=C149
Change Component Designator: Old Designator=C? New Designator=C150
Change Component Designator: Old Designator=C? New Designator=C151
Change Component Designator: Old Designator=C? New Designator=C152
Change Component Designator: Old Designator=C? New Designator=C153
Change Component Designator: Old Designator=R? New Designator=R72
Change Component Designator: Old Designator=R? New Designator=R73
Change Component Designator: Old Designator=R? New Designator=R74
Change Component Designator: Old Designator=R? New Designator=R75
Change Component Designator: Old Designator=R? New Designator=R76
Change Component Designator: Old Designator=R? New Designator=R77
Change Component Designator: Old Designator=R? New Designator=R78
Change Component Designator: Old Designator=R? New Designator=R79
Change Component Designator: Old Designator=R? New Designator=R80
Change Component Designator: Old Designator=R? New Designator=R81
Change Component Designator: Old Designator=U? New Designator=U33
Change Component Designator: Old Designator=U?? New Designator=U32
Change Component Designator: Old Designator=X?? New Designator=X2
Change Component Designator: Old Designator=X?? New Designator=X3
